Removed Pin From Net: NetName=NetIC2_38 Pin=IC2-38
Removed Pin From Net: NetName=VCC Pin=J2-2
Removed Pin From Net: NetName=GND Pin=J2-3
Removed Pin From Net: NetName=OUT Pin=J2-4
Removed Pin From Net: NetName=CH1 Pin=J2-5
Removed Pin From Net: NetName=CH2 Pin=J2-6
Removed Pin From Net: NetName=CANH Pin=J2-7
Removed Pin From Net: NetName=CANL Pin=J2-8
Removed Pin From Net: NetName=VBAT Pin=J5-5
Removed Pin From Net: NetName=NetIC2_39 Pin=TP5-1
Removed Pin From Net: NetName=NetIC2_38 Pin=TP6-1
Removed Member From Class: ClassName=Sheet1 Member=TP5
Removed Member From Class: ClassName=Sheet1 Member=TP6
Change Component Footprint: Designator=C1 Old Footprint=0805 New Footprint=0603
Change Component Footprint: Designator=C2 Old Footprint=0805 New Footprint=0603
Change Component Footprint: Designator=C3 Old Footprint=0805 New Footprint=0603
Change Component Footprint: Designator=C4 Old Footprint=0805 New Footprint=0603
Change Component Footprint: Designator=C5 Old Footprint=0805 New Footprint=0603
Change Component Footprint: Designator=C6 Old Footprint=0805 New Footprint=0603
Change Component Footprint: Designator=C7 Old Footprint=0805 New Footprint=0603
Change Component Footprint: Designator=C8 Old Footprint=0805 New Footprint=0603
Change Component Footprint: Designator=C9 Old Footprint=0805 New Footprint=0603
Change Component Footprint: Designator=C10 Old Footprint=0805 New Footprint=0603
Change Component Footprint: Designator=C11 Old Footprint=0805 New Footprint=0603
Change Component Footprint: Designator=C12 Old Footprint=0805 New Footprint=0603
Change Component Footprint: Designator=C13 Old Footprint=0805 New Footprint=0603
Change Component Footprint: Designator=C14 Old Footprint=0805 New Footprint=0603
Change Component Footprint: Designator=C15 Old Footprint=0805 New Footprint=0603
Change Component Footprint: Designator=C16 Old Footprint=0805 New Footprint=0603
Change Component Footprint: Designator=C18 Old Footprint=0805 New Footprint=0603
Change Component Footprint: Designator=C20 Old Footprint=0805 New Footprint=0603
Change Component Footprint: Designator=C21 Old Footprint=0805 New Footprint=0603
Change Component Footprint: Designator=C24 Old Footprint=0805 New Footprint=0603
Change Component Footprint: Designator=C25 Old Footprint=0805 New Footprint=0603
Change Component Footprint: Designator=C26 Old Footprint=0805 New Footprint=0603
Change Component Footprint: Designator=C27 Old Footprint=0805 New Footprint=0603
Change Component Footprint: Designator=C28 Old Footprint=0805 New Footprint=0603
Change Component Footprint: Designator=C29 Old Footprint=0805 New Footprint=0603
Change Component Footprint: Designator=C30 Old Footprint=0805 New Footprint=0603
Change Component Footprint: Designator=R1 Old Footprint=0805 New Footprint=0603
Change Component Footprint: Designator=R2 Old Footprint=0805 New Footprint=0603
Change Component Footprint: Designator=R3 Old Footprint=0805 New Footprint=0603
Change Component Footprint: Designator=R4 Old Footprint=0805 New Footprint=0603
Change Component Footprint: Designator=R5 Old Footprint=0805 New Footprint=0603
Change Component Footprint: Designator=R6 Old Footprint=0805 New Footprint=0603
Change Component Footprint: Designator=R7 Old Footprint=0805 New Footprint=0603
Change Component Footprint: Designator=R8 Old Footprint=0805 New Footprint=0603
Change Component Footprint: Designator=R9 Old Footprint=0805 New Footprint=0603
Added Component: Designator=C31(0603)
Added Component: Designator=C32(0603)
Added Component: Designator=C33(0603)
Added Component: Designator=IC7(DIP-8)
Added Pin To Net: NetName=GND Pin=C31-1
Added Pin To Net: NetName=GND Pin=C32-1
Added Pin To Net: NetName=+5V Pin=C32-2
Added Pin To Net: NetName=GND Pin=C33-1
Added Pin To Net: NetName=NetIC2_38 Pin=C33-2
Added Pin To Net: NetName=GND Pin=IC7-4
Added Pin To Net: NetName=NetIC2_38 Pin=IC7-5
Added Pin To Net: NetName=+5V Pin=IC7-8
Added Pin To Net: NetName=GND Pin=J2-2
Added Pin To Net: NetName=OUT Pin=J2-3
Added Pin To Net: NetName=CH1 Pin=J2-4
Added Pin To Net: NetName=CH2 Pin=J2-5
Added Pin To Net: NetName=CANH Pin=J2-6
Added Pin To Net: NetName=CANL Pin=J2-7
Change Net Name : Old Net Name=NetIC2_38 New Net Name=NetC33_2
Added Pin To Net: NetName=K_OUT Pin=J2-8
Added Net: Name=K_OUT
Added Pin To Net: NetName=L_OUT Pin=J5-5
Added Net: Name=L_OUT
Added Pin To Net: NetName=NetC31_2 Pin=C31-2
Added Pin To Net: NetName=NetC31_2 Pin=IC7-3
Added Net: Name=NetC31_2
Added Pin To Net: NetName=NetIC7_1 Pin=IC7-1
Added Net: Name=NetIC7_1
Added Pin To Net: NetName=NetIC7_2 Pin=IC7-2
Added Net: Name=NetIC7_2
Added Pin To Net: NetName=NetIC7_6 Pin=IC7-6
Added Net: Name=NetIC7_6
Added Pin To Net: NetName=NetIC7_7 Pin=IC7-7
Added Net: Name=NetIC7_7
Added Pin To Net: NetName=OUT1 Pin=IC2-38
Added Net: Name=OUT1
Added Member To Class: ClassName=Sheet1 Member=Component C31 Cap
Added Member To Class: ClassName=Sheet1 Member=Component C32 Cap
Added Member To Class: ClassName=Sheet2 Member=Component C33 Cap
Added Member To Class: ClassName=Sheet1 Member=Component IC7 LM258
